0 info it worked if it ends with ok
1 verbose cli [ 'node',
1 verbose cli   '/usr/local/bin/npm',
1 verbose cli   'install',
1 verbose cli   'git@github.com:shakyShane/browser-sync.git' ]
2 info using npm@2.0.0
3 info using node@v0.10.26
4 verbose readDependencies using package.json deps
5 verbose stack Error: Unsupported URL Type: github.com:shakyShane/browser-sync.git
5 verbose stack     at parseUrl (/usr/local/lib/node_modules/npm/node_modules/npm-package-arg/npa.js:173:13)
5 verbose stack     at npa (/usr/local/lib/node_modules/npm/node_modules/npm-package-arg/npa.js:74:12)
5 verbose stack     at resolver (/usr/local/lib/node_modules/npm/lib/install.js:702:42)
5 verbose stack     at /usr/local/lib/node_modules/npm/node_modules/slide/lib/async-map.js:52:35
5 verbose stack     at Array.forEach (native)
5 verbose stack     at /usr/local/lib/node_modules/npm/node_modules/slide/lib/async-map.js:52:11
5 verbose stack     at Array.forEach (native)
5 verbose stack     at asyncMap (/usr/local/lib/node_modules/npm/node_modules/slide/lib/async-map.js:51:8)
5 verbose stack     at /usr/local/lib/node_modules/npm/lib/install.js:600:5
5 verbose stack     at /usr/local/lib/node_modules/npm/lib/install.js:297:16
6 verbose cwd /Users/shakyshane/Sites/bs-jekyll
7 error Darwin 14.0.0
8 error argv "node" "/usr/local/bin/npm" "install" "git@github.com:shakyShane/browser-sync.git"
9 error node v0.10.26
10 error npm  v2.0.0
11 error Unsupported URL Type: github.com:shakyShane/browser-sync.git
12 error If you need help, you may report this error at:
12 error     <http://github.com/npm/npm/issues>
13 verbose exit [ 1, true ]
